#
# A fatal error has been detected by the Java Runtime Environment:
#
#  Internal Error (javaClasses.cpp:136), pid=276, tid=3432
#  fatal error: Invalid layout of preloaded class
#
# JRE version:  (7.0_45-b18) (build )
# Java VM: Java HotSpot(TM) 64-Bit Server VM (24.45-b08 mixed mode windows-amd64 compressed oops)
# Failed to write core dump. Minidumps are not enabled by default on client versions of Windows
#
# If you would like to submit a bug report, please visit:
#   http://bugreport.sun.com/bugreport/crash.jsp
#

---------------  T H R E A D  ---------------

Current thread (0x0000000002b8d800):  JavaThread "Unknown thread" [_thread_in_vm, id=3432, stack(0x0000000002bf0000,0x0000000002cf0000)]

Stack: [0x0000000002bf0000,0x0000000002cf0000]

---------------  P R O C E S S  ---------------

Java Threads: ( => current thread )

Other Threads:

=>0x0000000002b8d800 (exited) JavaThread "Unknown thread" [_thread_in_vm, id=3432, stack(0x0000000002bf0000,0x0000000002cf0000)]

VM state:not at safepoint (not fully initialized)

VM Mutex/Monitor currently owned by a thread: None

GC Heap History (0 events):
No events

Deoptimization events (0 events):
No events

Internal exceptions (0 events):
No events

Events (10 events):
Event: 0.013 loading class 0x0000000002a5cb90 done
Event: 0.014 loading class 0x0000000002a5c5b0 done
Event: 0.014 loading class 0x0000000002a5c590
Event: 0.014 loading class 0x0000000002a64690
Event: 0.014 loading class 0x0000000002a64690 done
Event: 0.014 loading class 0x0000000002a646c0
Event: 0.014 loading class 0x0000000002a646c0 done
Event: 0.014 loading class 0x0000000002a646f0
Event: 0.014 loading class 0x0000000002a646f0 done
Event: 0.014 loading class 0x0000000002a5c590 done


Dynamic libraries:
0x000000013f3a0000 - 0x000000013f3d3000 	C:\Program Files\Java\jre7\bin\javaw.exe
0x0000000077790000 - 0x0000000077939000 	C:\Windows\SYSTEM32\ntdll.dll
0x0000000077670000 - 0x000000007778f000 	C:\Windows\system32\kernel32.dll
0x000007fefd7d0000 - 0x000007fefd83c000 	C:\Windows\system32\KERNELBASE.dll
0x000007feff7e0000 - 0x000007feff8bb000 	C:\Windows\system32\ADVAPI32.dll
0x000007fefe590000 - 0x000007fefe62f000 	C:\Windows\system32\msvcrt.dll
0x000007fefe090000 - 0x000007fefe0af000 	C:\Windows\SYSTEM32\sechost.dll
0x000007feff8c0000 - 0x000007feff9ed000 	C:\Windows\system32\RPCRT4.dll
0x0000000077570000 - 0x000000007766a000 	C:\Windows\system32\USER32.dll
0x000007feff9f0000 - 0x000007feffa57000 	C:\Windows\system32\GDI32.dll
0x000007fefe080000 - 0x000007fefe08e000 	C:\Windows\system32\LPK.dll
0x000007feff470000 - 0x000007feff539000 	C:\Windows\system32\USP10.dll
0x000007fefbf90000 - 0x000007fefc184000 	C:\Windows\WinSxS\amd64_microsoft.windows.common-controls_6595b64144ccf1df_6.0.7601.17514_none_fa396087175ac9ac\COMCTL32.dll
0x000007fefdef0000 - 0x000007fefdf61000 	C:\Windows\system32\SHLWAPI.dll
0x000007feffa70000 - 0x000007feffa9e000 	C:\Windows\system32\IMM32.DLL
0x000007fefdf70000 - 0x000007fefe079000 	C:\Windows\system32\MSCTF.dll
0x000007fef5490000 - 0x000007fef54ad000 	C:\PROGRA~2\SupTab\SEARCH~2.DLL
0x0000000180000000 - 0x000000018000c000 	C:\Program Files (x86)\Baidu Security\Baidu Antivirus\Bavnt64.dll
0x0000000001ea0000 - 0x0000000001f7d000 	C:\Program Files (x86)\Baidu Security\Baidu Antivirus\bavum64.dll
0x000007fefe630000 - 0x000007feff3b8000 	C:\Windows\system32\SHELL32.dll
0x000007feff540000 - 0x000007feff617000 	C:\Windows\system32\OLEAUT32.dll
0x000007fefd980000 - 0x000007fefdb83000 	C:\Windows\system32\ole32.dll
0x000007feff3c0000 - 0x000007feff40d000 	C:\Windows\system32\WS2_32.dll
0x000007feffa60000 - 0x000007feffa68000 	C:\Windows\system32\NSI.dll
0x000007fefe360000 - 0x000007fefe58f000 	C:\Windows\system32\WININET.dll
0x000007fefd940000 - 0x000007fefd944000 	C:\Windows\system32\api-ms-win-downlevel-user32-l1-1-0.dll
0x000007fefd7c0000 - 0x000007fefd7c4000 	C:\Windows\system32\api-ms-win-downlevel-shlwapi-l1-1-0.dll
0x000007fefd970000 - 0x000007fefd974000 	C:\Windows\system32\api-ms-win-downlevel-version-l1-1-0.dll
0x000007fefc690000 - 0x000007fefc69c000 	C:\Windows\system32\version.DLL
0x000007fefd640000 - 0x000007fefd643000 	C:\Windows\system32\api-ms-win-downlevel-normaliz-l1-1-0.dll
0x0000000077960000 - 0x0000000077963000 	C:\Windows\system32\normaliz.DLL
0x000007fefe0b0000 - 0x000007fefe359000 	C:\Windows\system32\iertutil.dll
0x000007fefd920000 - 0x000007fefd925000 	C:\Windows\system32\api-ms-win-downlevel-advapi32-l1-1-0.dll
0x000007fefa070000 - 0x000007fefa0c4000 	C:\Windows\system32\OLEACC.dll
0x0000000077950000 - 0x0000000077957000 	C:\Windows\system32\PSAPI.DLL
0x000007fefc870000 - 0x000007fefc88e000 	C:\Windows\system32\USERENV.dll
0x000007fefd550000 - 0x000007fefd55f000 	C:\Windows\system32\profapi.dll
0x000007fefc670000 - 0x000007fefc681000 	C:\Windows\system32\WTSAPI32.dll
0x0000000068770000 - 0x0000000068842000 	C:\Program Files\Java\jre7\bin\msvcr100.dll
0x000000005a600000 - 0x000000005adc9000 	C:\Program Files\Java\jre7\bin\server\jvm.dll
0x000007fefb0f0000 - 0x000007fefb0f9000 	C:\Windows\system32\WSOCK32.dll
0x000007fefb520000 - 0x000007fefb55b000 	C:\Windows\system32\WINMM.dll
0x000000006fdb0000 - 0x000000006fdbf000 	C:\Program Files\Java\jre7\bin\verify.dll
0x000000006cf00000 - 0x000000006cf28000 	C:\Program Files\Java\jre7\bin\java.dll
0x000000006d240000 - 0x000000006d255000 	C:\Program Files\Java\jre7\bin\zip.dll

VM Arguments:
jvm_args: -Dfile.encoding=Cp1252 -Xbootclasspath:F:\Development\sdk\platforms\android-19\android.jar 
java_command: controller.ControllerBD
Launcher Type: SUN_STANDARD

Environment Variables:
PATH=c:\Program Files (x86)\AMD APP\bin\x86_64;c:\Program Files (x86)\AMD APP\bin\x86;C:\Program Files (x86)\Intel\iCLS Client\;C:\Program Files\Intel\iCLS Client\;C:\Windows\system32;C:\Windows;C:\Windows\System32\Wbem;C:\Windows\System32\WindowsPowerShell\v1.0\;C:\Program Files\Intel\Intel(R) Management Engine Components\DAL;C:\Program Files\Intel\Intel(R) Management Engine Components\IPT;C:\Program Files (x86)\Intel\Intel(R) Management Engine Components\DAL;C:\Program Files (x86)\Intel\Intel(R) Management Engine Components\IPT;C:\Program Files (x86)\ATI Technologies\ATI.ACE\Core-Static
USERNAME=Tales
OS=Windows_NT
PROCESSOR_IDENTIFIER=Intel64 Family 6 Model 42 Stepping 7, GenuineIntel



---------------  S Y S T E M  ---------------

OS: Windows 7 , 64 bit Build 7601 Service Pack 1

CPU:total 4 (2 cores per cpu, 2 threads per core) family 6 model 42 stepping 7, cmov, cx8, fxsr, mmx, sse, sse2, sse3, ssse3, sse4.1, sse4.2, popcnt, avx, aes, ht, tsc, tscinvbit

Memory: 4k page, physical 4156216k(854536k free), swap 8310568k(2160204k free)

vm_info: Java HotSpot(TM) 64-Bit Server VM (24.45-b08) for windows-amd64 JRE (1.7.0_45-b18), built on Oct  8 2013 05:47:22 by "java_re" with unknown MS VC++:1600

time: Sun Jun 01 19:12:11 2014
elapsed time: 0 seconds

